[35m[Appium][39m Welcome to Appium v1.8.1
[35m[Appium][39m Non-default server args:
[35m[Appium][39m   port: 60491
[35m[Appium][39m   loglevel: info
[35m[Appium][39m   chromeDriverPort: 60493
[35m[Appium][39m   tmpDir: C:\Users\HIEPNG~1\AppData\Local\Temp\\Katalon\Appium\Temp1545818730112
[35m[Appium][39m Appium REST http interface listener started on 0.0.0.0:60491
[35m[HTTP][39m [37m-->[39m [37mGET[39m [37m/wd/hub/status[39m
[35m[HTTP][39m [90m{}[39m
[35m[HTTP][39m [37m<-- GET /wd/hub/status [39m[32m200[39m [90m53 ms - 83[39m
[35m[HTTP][39m [90m[39m
[35m[HTTP][39m [37m-->[39m [37mGET[39m [37m/wd/hub/status[39m
[35m[HTTP][39m [90m{}[39m
[35m[HTTP][39m [37m<-- GET /wd/hub/status [39m[32m200[39m [90m66 ms - 83[39m
[35m[HTTP][39m [90m[39m
[35m[HTTP][39m [37m-->[39m [37mPOST[39m [37m/wd/hub/session[39m
[35m[HTTP][39m [90m{"desiredCapabilities":{"app":"D:\\Workspace\\TuringSpace\\KatalonSampleProjects\\SampleMobiTest.prj\\androidapp\\com.facebook.f8_2018-05-01.apk","appiumServerUrl":"http://127.0.0.1:4723/wd/hub","autoGrantPermissions":true,"automationName":"uiautomator2","deviceId":"emulator-5554","deviceName":"emulator-5554 (Android SDK built for x86 - Android 8.0.0)","fullReset":false,"newCommandTimeout":1800,"noReset":true,"platform":"ANDROID","platformName":"Android","udid":"emulator-5554"},"capabilities":{"desiredCapabilities":{"app":"D:\\Workspace\\TuringSpace\\KatalonSampleProjects\\SampleMobiTest.prj\\androidapp\\com.facebook.f8_2018-05-01.apk","appiumServerUrl":"http://127.0.0.1:4723/wd/hub","autoGrantPermissions":true,"automationName":"uiautomator2","deviceId":"emulator-5554","deviceName":"emulator-5554 (Android SDK built for x86 - Android 8.0.0)","fullReset":false,"newCommandTimeout":1800,"noReset":true,"platform":"ANDROID","platformName":"Android","udid":"emulator-5554"},"firstMatch":[{"pla[39m
[35m[Appium][39m Could not parse W3C capabilities: 'deviceName' can't be blank. Falling back to JSONWP protocol.
[35m[Appium][39m The following capabilities were provided in the JSONWP desired capabilities that are missing in W3C capabilities: ["app","appiumServerUrl","autoGrantPermissions","automationName","deviceId","deviceName","fullReset","newCommandTimeout","noReset","platform","platformName","udid"]. Falling back to JSONWP protocol.
[35m[Appium][39m Creating new AndroidUiautomator2Driver (v1.12.0) session
[35m[Appium][39m Capabilities:
[35m[Appium][39m   app: D:\Workspace\TuringSpace\KatalonSampleProjects\SampleMobiTest.prj\androidapp\com.facebook.f8_2018-05-01.apk
[35m[Appium][39m   appiumServerUrl: http://127.0.0.1:4723/wd/hub
[35m[Appium][39m   autoGrantPermissions: true
[35m[Appium][39m   automationName: uiautomator2
[35m[Appium][39m   deviceId: emulator-5554
[35m[Appium][39m   deviceName: emulator-5554 (Android SDK built for x86 - Android 8.0.0)
[35m[Appium][39m   fullReset: false
[35m[Appium][39m   newCommandTimeout: 1800
[35m[Appium][39m   noReset: true
[35m[Appium][39m   platform: ANDROID
[35m[Appium][39m   platformName: Android
[35m[Appium][39m   udid: emulator-5554
[35m[BaseDriver][39m The following capabilities were provided, but are not recognized by appium: appiumServerUrl, deviceId, platform.
[35m[BaseDriver][39m Session created with session id: 414c1016-e746-4618-b210-319858ea0990
[35m[BaseDriver][39m Using local app 'D:\Workspace\TuringSpace\KatalonSampleProjects\SampleMobiTest.prj\androidapp\com.facebook.f8_2018-05-01.apk'
[35m[AndroidDriver][39m Java version is: 1.8.0_181
[35m[ADB][39m Checking whether adb is present
[35m[ADB][39m Found 1 'build-tools' folders under 'C:\Users\hiepnguyen\.katalon\tools\android_sdk' (newest first):
[35m[ADB][39m     C:/Users/hiepnguyen/.katalon/tools/android_sdk/build-tools/28.0.3
[35m[ADB][39m Using adb.exe from C:\Users\hiepnguyen\.katalon\tools\android_sdk\platform-tools\adb.exe
[35m[AndroidDriver][39m Retrieving device list
[35m[AndroidDriver][39m Using device: emulator-5554
[35m[ADB][39m Using the alternative activity name detection method because of: Could not find apkanalyzer.bat in C:\Users\hiepnguyen\.katalon\tools\android_sdk\platform-tools\apkanalyzer.bat,C:\Users\hiepnguyen\.katalon\tools\android_sdk\emulator\apkanalyzer.bat,C:\Users\hiepnguyen\.katalon\tools\android_sdk\tools\apkanalyzer.bat,C:\Users\hiepnguyen\.katalon\tools\android_sdk\tools\bin\apkanalyzer.bat,C:\Users\hiepnguyen\.katalon\tools\android_sdk\build-tools\28.0.3\apkanalyzer.bat. Do you have the Android SDK installed at 'C:\Users\hiepnguyen\.katalon\tools\android_sdk'?
[35m[ADB][39m Checking whether aapt is present
[35m[ADB][39m Using aapt.exe from C:\Users\hiepnguyen\.katalon\tools\android_sdk\build-tools\28.0.3\aapt.exe
[35m[ADB][39m Extracting package and launch activity from manifest
[35m[ADB][39m Package name: 'com.facebook.f8'
[35m[ADB][39m Main activity name: 'com.facebook.f8.MainActivity'
[35m[ADB][39m Getting device platform version
[35m[ADB][39m Using apksigner.bat from C:\Users\hiepnguyen\.katalon\tools\android_sdk\build-tools\28.0.3\apksigner.bat
[35m[ADB][39m Checking whether zipalign is present
[35m[ADB][39m Using zipalign.exe from C:\Users\hiepnguyen\.katalon\tools\android_sdk\build-tools\28.0.3\zipalign.exe
[35m[ADB][39m io.appium.uiautomator2.server was successfully uninstalled
[35m[ADB][39m io.appium.uiautomator2.server.test was successfully uninstalled
[35m[AndroidDriver][39m setDeviceLanguageCountry requires language or country.
[35m[AndroidDriver][39m Got language: 'null' and country: 'null'
[35m[ADB][39m Successfully extracted 100 strings from 'D:\Workspace\TuringSpace\KatalonSampleProjects\SampleMobiTest.prj\androidapp\com.facebook.f8_2018-05-01.apk' resources for '(default)' configuration
[35m[UiAutomator2][39m Starting uiautomator2 server 1.12.0
[35m[UiAutomator2][39m Using UIAutomator2 server from 'C:\Users\hiepnguyen\AppData\Roaming\npm\node_modules\appium\node_modules\appium-uiautomator2-server\apks\appium-uiautomator2-server-v1.12.0.apk' and test from 'C:\Users\hiepnguyen\AppData\Roaming\npm\node_modules\appium\node_modules\appium-uiautomator2-server\apks\appium-uiautomator2-server-debug-androidTest.apk'
[35m[UiAutomator2][39m Running command: 'adb -s emulator-5554 shell am instrument -w io.appium.uiautomator2.server.test/android.support.test.runner.AndroidJUnitRunner'
[35m[UiAutomator2][39m Waiting up to 20000ms for UiAutomator2 to be online...
[35m[AndroidDriver][39m Screen already unlocked, doing nothing
[35m[UiAutomator2][39m UiAutomator2 did not start the activity we were waiting for, 'com.facebook.f8/com.facebook.f8.MainActivity'. Starting it ourselves
[35m[Appium][39m New AndroidUiautomator2Driver session created successfully, session 414c1016-e746-4618-b210-319858ea0990 added to master session list
[35m[HTTP][39m [37m<-- POST /wd/hub/session [39m[32m200[39m [90m34149 ms - 1465[39m
[35m[HTTP][39m [90m[39m
[35m[HTTP][39m [37m-->[39m [37mGET[39m [37m/wd/hub/status[39m
[35m[HTTP][39m [90m{}[39m
[35m[HTTP][39m [37m<-- GET /wd/hub/status [39m[32m200[39m [90m142 ms - 55[39m
[35m[HTTP][39m [90m[39m
[35m[HTTP][39m [37m-->[39m [37mPOST[39m [37m/wd/hub/session/414c1016-e746-4618-b210-319858ea0990/timeouts[39m
[35m[HTTP][39m [90m{"type":"implicit","ms":60000}[39m
[35m[HTTP][39m [37m<-- POST /wd/hub/session/414c1016-e746-4618-b210-319858ea0990/timeouts [39m[33m400[39m [90m43 ms - 5371[39m
[35m[HTTP][39m [90m[39m
[35m[HTTP][39m [37m-->[39m [37mGET[39m [37m/wd/hub/session/414c1016-e746-4618-b210-319858ea0990/source[39m
[35m[HTTP][39m [90m{}[39m
[35m[W3C][39m Driver proxy active, passing request on via HTTP proxy
[35m[JSONWP Proxy][39m Replacing sessionId 8b6fbf75-e630-4725-898d-5a513e6c3793 with 414c1016-e746-4618-b210-319858ea0990
[35m[HTTP][39m [37m<-- GET /wd/hub/session/414c1016-e746-4618-b210-319858ea0990/source [39m[32m200[39m [90m673 ms - 19381[39m
[35m[HTTP][39m [90m[39m
[35m[HTTP][39m [37m-->[39m [37mGET[39m [37m/wd/hub/session/414c1016-e746-4618-b210-319858ea0990/screenshot[39m
[35m[HTTP][39m [90m{}[39m
[35m[HTTP][39m [37m<-- GET /wd/hub/session/414c1016-e746-4618-b210-319858ea0990/screenshot [39m[32m200[39m [90m498 ms - 191496[39m
[35m[HTTP][39m [90m[39m
[35m[HTTP][39m [37m-->[39m [37mGET[39m [37m/wd/hub/session/414c1016-e746-4618-b210-319858ea0990/window/current/size[39m
[35m[HTTP][39m [90m{}[39m
[35m[W3C][39m Driver proxy active, passing request on via HTTP proxy
[35m[JSONWP Proxy][39m Replacing sessionId 8b6fbf75-e630-4725-898d-5a513e6c3793 with 414c1016-e746-4618-b210-319858ea0990
[35m[HTTP][39m [37m<-- GET /wd/hub/session/414c1016-e746-4618-b210-319858ea0990/window/current/size [39m[32m200[39m [90m21 ms - 100[39m
[35m[HTTP][39m [90m[39m
[35m[HTTP][39m [37m-->[39m [37mPOST[39m [37m/wd/hub/session/414c1016-e746-4618-b210-319858ea0990/elements[39m
[35m[HTTP][39m [90m{"using":"xpath","value":"//hierarchy/android.widget.FrameLayout[1]/android.widget.LinearLayout[1]/android.widget.FrameLayout[1]/android.widget.FrameLayout[1]/android.view.ViewGroup[1]/android.view.ViewGroup[1]/android.view.ViewGroup[1]/android.view.ViewGroup[2]/android.view.ViewGroup[4]/android.widget.ImageView[1]"}[39m
[35m[HTTP][39m [37m<-- POST /wd/hub/session/414c1016-e746-4618-b210-319858ea0990/elements [39m[32m200[39m [90m148 ms - 124[39m
[35m[HTTP][39m [90m[39m
[35m[HTTP][39m [37m-->[39m [37mGET[39m [37m/wd/hub/session/414c1016-e746-4618-b210-319858ea0990[39m
[35m[HTTP][39m [90m{}[39m
[35m[HTTP][39m [37m<-- GET /wd/hub/session/414c1016-e746-4618-b210-319858ea0990 [39m[32m200[39m [90m16 ms - 1465[39m
[35m[HTTP][39m [90m[39m
[35m[HTTP][39m [37m-->[39m [37mGET[39m [37m/wd/hub/session/414c1016-e746-4618-b210-319858ea0990[39m
[35m[HTTP][39m [90m{}[39m
[35m[HTTP][39m [37m<-- GET /wd/hub/session/414c1016-e746-4618-b210-319858ea0990 [39m[32m200[39m [90m21 ms - 1465[39m
[35m[HTTP][39m [90m[39m
[35m[HTTP][39m [37m-->[39m [37mGET[39m [37m/wd/hub/session/414c1016-e746-4618-b210-319858ea0990[39m
[35m[HTTP][39m [90m{}[39m
[35m[HTTP][39m [37m<-- GET /wd/hub/session/414c1016-e746-4618-b210-319858ea0990 [39m[32m200[39m [90m23 ms - 1465[39m
[35m[HTTP][39m [90m[39m
[35m[HTTP][39m [37m-->[39m [37mGET[39m [37m/wd/hub/session/414c1016-e746-4618-b210-319858ea0990[39m
[35m[HTTP][39m [90m{}[39m
[35m[HTTP][39m [37m<-- GET /wd/hub/session/414c1016-e746-4618-b210-319858ea0990 [39m[32m200[39m [90m18 ms - 1465[39m
[35m[HTTP][39m [90m[39m
[35m[HTTP][39m [37m-->[39m [37mGET[39m [37m/wd/hub/session/414c1016-e746-4618-b210-319858ea0990/element/0dc1f53e-45f7-42b0-b14c-f8660a6b6c67/location[39m
[35m[HTTP][39m [90m{}[39m
[35m[W3C][39m Driver proxy active, passing request on via HTTP proxy
[35m[JSONWP Proxy][39m Replacing sessionId 8b6fbf75-e630-4725-898d-5a513e6c3793 with 414c1016-e746-4618-b210-319858ea0990
[35m[HTTP][39m [37m<-- GET /wd/hub/session/414c1016-e746-4618-b210-319858ea0990/element/0dc1f53e-45f7-42b0-b14c-f8660a6b6c67/location [39m[32m200[39m [90m20 ms - 90[39m
[35m[HTTP][39m [90m[39m
[35m[HTTP][39m [37m-->[39m [37mPOST[39m [37m/wd/hub/session/414c1016-e746-4618-b210-319858ea0990/touch/perform[39m
[35m[HTTP][39m [90m{"actions":[{"action":"tap","options":{"element":"0dc1f53e-45f7-42b0-b14c-f8660a6b6c67","x":1,"y":1}}]}[39m
[35m[UiAutomator2][39m calling get location: 0dc1f53e-45f7-42b0-b14c-f8660a6b6c67
[35m[HTTP][39m [37m<-- POST /wd/hub/session/414c1016-e746-4618-b210-319858ea0990/touch/perform [39m[32m200[39m [90m61 ms - 76[39m
[35m[HTTP][39m [90m[39m
[35m[HTTP][39m [37m-->[39m [37mGET[39m [37m/wd/hub/session/414c1016-e746-4618-b210-319858ea0990/source[39m
[35m[HTTP][39m [90m{}[39m
[35m[W3C][39m Driver proxy active, passing request on via HTTP proxy
[35m[JSONWP Proxy][39m Replacing sessionId 8b6fbf75-e630-4725-898d-5a513e6c3793 with 414c1016-e746-4618-b210-319858ea0990
[35m[HTTP][39m [37m<-- GET /wd/hub/session/414c1016-e746-4618-b210-319858ea0990/source [39m[32m200[39m [90m209 ms - 16058[39m
[35m[HTTP][39m [90m[39m
[35m[HTTP][39m [37m-->[39m [37mGET[39m [37m/wd/hub/session/414c1016-e746-4618-b210-319858ea0990/screenshot[39m
[35m[HTTP][39m [90m{}[39m
[35m[HTTP][39m [37m<-- GET /wd/hub/session/414c1016-e746-4618-b210-319858ea0990/screenshot [39m[32m200[39m [90m506 ms - 117682[39m
[35m[HTTP][39m [90m[39m
[35m[HTTP][39m [37m-->[39m [37mGET[39m [37m/wd/hub/session/414c1016-e746-4618-b210-319858ea0990/window/current/size[39m
[35m[HTTP][39m [90m{}[39m
[35m[W3C][39m Driver proxy active, passing request on via HTTP proxy
[35m[JSONWP Proxy][39m Replacing sessionId 8b6fbf75-e630-4725-898d-5a513e6c3793 with 414c1016-e746-4618-b210-319858ea0990
[35m[HTTP][39m [37m<-- GET /wd/hub/session/414c1016-e746-4618-b210-319858ea0990/window/current/size [39m[32m200[39m [90m20 ms - 100[39m
[35m[HTTP][39m [90m[39m
[35m[HTTP][39m [37m-->[39m [37mPOST[39m [37m/wd/hub/session/414c1016-e746-4618-b210-319858ea0990/elements[39m
[35m[HTTP][39m [90m{"using":"xpath","value":"//hierarchy/android.widget.FrameLayout[1]/android.widget.LinearLayout[1]/android.widget.FrameLayout[1]/android.widget.FrameLayout[1]/android.view.ViewGroup[1]/android.view.ViewGroup[1]/android.view.ViewGroup[1]/android.view.ViewGroup[1]/android.view.ViewGroup[1]/android.support.v4.view.ViewPager[1]/android.view.ViewGroup[1]/android.widget.ScrollView[1]/android.view.ViewGroup[1]/android.widget.TextView[1]"}[39m
[35m[HTTP][39m [37m<-- POST /wd/hub/session/414c1016-e746-4618-b210-319858ea0990/elements [39m[32m200[39m [90m250 ms - 124[39m
[35m[HTTP][39m [90m[39m
[35m[HTTP][39m [37m-->[39m [37mGET[39m [37m/wd/hub/session/414c1016-e746-4618-b210-319858ea0990[39m
[35m[HTTP][39m [90m{}[39m
[35m[HTTP][39m [37m<-- GET /wd/hub/session/414c1016-e746-4618-b210-319858ea0990 [39m[32m200[39m [90m18 ms - 1465[39m
[35m[HTTP][39m [90m[39m
[35m[HTTP][39m [37m-->[39m [37mGET[39m [37m/wd/hub/session/414c1016-e746-4618-b210-319858ea0990[39m
[35m[HTTP][39m [90m{}[39m
[35m[HTTP][39m [37m<-- GET /wd/hub/session/414c1016-e746-4618-b210-319858ea0990 [39m[32m200[39m [90m20 ms - 1465[39m
[35m[HTTP][39m [90m[39m
[35m[HTTP][39m [37m-->[39m [37mGET[39m [37m/wd/hub/session/414c1016-e746-4618-b210-319858ea0990[39m
[35m[HTTP][39m [90m{}[39m
[35m[HTTP][39m [37m<-- GET /wd/hub/session/414c1016-e746-4618-b210-319858ea0990 [39m[32m200[39m [90m16 ms - 1465[39m
[35m[HTTP][39m [90m[39m
[35m[HTTP][39m [37m-->[39m [37mGET[39m [37m/wd/hub/session/414c1016-e746-4618-b210-319858ea0990[39m
[35m[HTTP][39m [90m{}[39m
[35m[HTTP][39m [37m<-- GET /wd/hub/session/414c1016-e746-4618-b210-319858ea0990 [39m[32m200[39m [90m20 ms - 1465[39m
[35m[HTTP][39m [90m[39m
[35m[HTTP][39m [37m-->[39m [37mGET[39m [37m/wd/hub/session/414c1016-e746-4618-b210-319858ea0990/element/642d08e3-2b12-4ce6-98e1-b1ae36f31874/location[39m
[35m[HTTP][39m [90m{}[39m
[35m[W3C][39m Driver proxy active, passing request on via HTTP proxy
[35m[JSONWP Proxy][39m Replacing sessionId 8b6fbf75-e630-4725-898d-5a513e6c3793 with 414c1016-e746-4618-b210-319858ea0990
[35m[HTTP][39m [37m<-- GET /wd/hub/session/414c1016-e746-4618-b210-319858ea0990/element/642d08e3-2b12-4ce6-98e1-b1ae36f31874/location [39m[32m200[39m [90m20 ms - 90[39m
[35m[HTTP][39m [90m[39m
[35m[HTTP][39m [37m-->[39m [37mPOST[39m [37m/wd/hub/session/414c1016-e746-4618-b210-319858ea0990/touch/perform[39m
[35m[HTTP][39m [90m{"actions":[{"action":"tap","options":{"element":"642d08e3-2b12-4ce6-98e1-b1ae36f31874","x":1,"y":1}}]}[39m
[35m[UiAutomator2][39m calling get location: 642d08e3-2b12-4ce6-98e1-b1ae36f31874
[35m[HTTP][39m [37m<-- POST /wd/hub/session/414c1016-e746-4618-b210-319858ea0990/touch/perform [39m[32m200[39m [90m48 ms - 76[39m
[35m[HTTP][39m [90m[39m
[35m[HTTP][39m [37m-->[39m [37mGET[39m [37m/wd/hub/session/414c1016-e746-4618-b210-319858ea0990/source[39m
[35m[HTTP][39m [90m{}[39m
[35m[W3C][39m Driver proxy active, passing request on via HTTP proxy
[35m[JSONWP Proxy][39m Replacing sessionId 8b6fbf75-e630-4725-898d-5a513e6c3793 with 414c1016-e746-4618-b210-319858ea0990
[35m[HTTP][39m [37m<-- GET /wd/hub/session/414c1016-e746-4618-b210-319858ea0990/source [39m[32m200[39m [90m168 ms - 16058[39m
[35m[HTTP][39m [90m[39m
[35m[HTTP][39m [37m-->[39m [37mGET[39m [37m/wd/hub/session/414c1016-e746-4618-b210-319858ea0990/screenshot[39m
[35m[HTTP][39m [90m{}[39m
[35m[HTTP][39m [37m<-- GET /wd/hub/session/414c1016-e746-4618-b210-319858ea0990/screenshot [39m[32m200[39m [90m427 ms - 118544[39m
[35m[HTTP][39m [90m[39m
[35m[HTTP][39m [37m-->[39m [37mDELETE[39m [37m/wd/hub/session/414c1016-e746-4618-b210-319858ea0990[39m
[35m[HTTP][39m [90m{}[39m
[35m[Appium][39m Removing session 414c1016-e746-4618-b210-319858ea0990 from our master session list
[35m[HTTP][39m [37m<-- DELETE /wd/hub/session/414c1016-e746-4618-b210-319858ea0990 [39m[32m200[39m [90m1554 ms - 76[39m
[35m[HTTP][39m [90m[39m
